Using pre-set license
Built from '2020.3/staging' branch; Version is '2020.3.0f1 (c7b5465681fb) revision 13088070'; Using compiler version '192528614'; Build Type 'Release'
OS: 'Windows 10 Home; OS build 26100.4061; Version 2009; 64bit' Language: 'en' Physical Memory: 16124 MB
BatchMode: 1, IsHumanControllingUs: 0, StartBugReporterOnCrash: 0, Is64bit: 1, IsPro: 0

 COMMAND LINE ARGUMENTS:
C:\Program Files\Unity\Hub\Editor\2020.3.0f1\Editor\Unity.exe
-adb2
-batchMode
-noUpm
-name
AssetImportWorker0
-projectPath
C:/Users/skyle/Billiards
-logFile
Logs/AssetImportWorker0.log
-srvPort
59686
Successfully changed project path to: C:/Users/skyle/Billiards
C:/Users/skyle/Billiards
Using Asset Import Pipeline V2.
Refreshing native plugins compatible for Editor in 22.60 ms, found 0 plugins.
Preloading 0 native plugins for Editor in 0.00 ms.
Initialize engine version: 2020.3.0f1 (c7b5465681fb)
[Subsystems] Discovering subsystems at path C:/Program Files/Unity/Hub/Editor/2020.3.0f1/Editor/Data/Resources/UnitySubsystems
[Subsystems] Discovering subsystems at path C:/Users/skyle/Billiards/Assets
GfxDevice: creating device client; threaded=0
Direct3D:
    Version:  Direct3D 11.0 [level 11.1]
    Renderer: Intel(R) Iris(R) Xe Graphics (ID=0xa7a0)
    Vendor:   
    VRAM:     8062 MB
    Driver:   31.0.101.5187
Initialize mono
Mono path[0] = 'C:/Program Files/Unity/Hub/Editor/2020.3.0f1/Editor/Data/Managed'
Mono path[1] = 'C:/Program Files/Unity/Hub/Editor/2020.3.0f1/Editor/Data/MonoBleedingEdge/lib/mono/unityjit'
Mono config path = 'C:/Program Files/Unity/Hub/Editor/2020.3.0f1/Editor/Data/MonoBleedingEdge/etc'
Using monoOptions --debugger-agent=transport=dt_socket,embedding=1,server=y,suspend=n,address=127.0.0.1:56516
Begin MonoManager ReloadAssembly
Registering precompiled unity dll's ...
Register platform support module: C:/Program Files/Unity/Hub/Editor/2020.3.0f1/Editor/Data/PlaybackEngines/WindowsStandaloneSupport/UnityEditor.WindowsStandalone.Extensions.dll
Registered in 0.001892 seconds.
Native extension for WindowsStandalone target not found
Refreshing native plugins compatible for Editor in 31.23 ms, found 0 plugins.
Preloading 0 native plugins for Editor in 0.00 ms.
Invoked RoslynAnalysisRunner static constructor.
RoslynAnalysisRunner will not be running.
RoslynAnalysisRunner has terminated.
Mono: successfully reloaded assembly
- Completed reload, in  1.045 seconds
Platform modules already initialized, skipping
Registering precompiled user dll's ...
Registered in 0.000629 seconds.
Begin MonoManager ReloadAssembly
Native extension for WindowsStandalone target not found
Refreshing native plugins compatible for Editor in 0.31 ms, found 0 plugins.
Preloading 0 native plugins for Editor in 0.00 ms.
Invoked RoslynAnalysisRunner static constructor.
RoslynAnalysisRunner will not be running.
RoslynAnalysisRunner has terminated.
Mono: successfully reloaded assembly
- Completed reload, in  0.881 seconds
Platform modules already initialized, skipping
========================================================================
Worker process is ready to serve import requests
Launched and connected shader compiler UnityShaderCompiler.exe after 0.09 seconds
Refreshing native plugins compatible for Editor in 0.20 ms, found 0 plugins.
Preloading 0 native plugins for Editor in 0.00 ms.
Unloading 1113 Unused Serialized files (Serialized files now loaded: 0)
System memory in use before: 56.8 MB.
System memory in use after: 56.8 MB.

Unloading 9 unused Assets to reduce memory usage. Loaded Objects now: 1556.
Total: 1.690100 ms (FindLiveObjects: 0.110000 ms CreateObjectMapping: 0.024000 ms MarkObjects: 1.483100 ms  DeleteObjects: 0.071300 ms)

========================================================================
Received Import Request.
  path: Assets
  artifactKey: Guid(00000000000000001000000000000000) Importer(815301076,1909f56bfc062723c751e8b465ee728b)
Start importing Assets using Guid(00000000000000001000000000000000) Importer(815301076,1909f56bfc062723c751e8b465ee728b)  -> (artifact id: '42baae205c97e3337697759514652acd') in 0.030620 seconds
  Import took 0.032947 seconds .

========================================================================
Received Import Request.
  Time since last request: 46.981786 seconds.
  path: Assets/Materials
  artifactKey: Guid(8a69216302ddaad4d92d1a3d0ca07c12) Importer(815301076,1909f56bfc062723c751e8b465ee728b)
Start importing Assets/Materials using Guid(8a69216302ddaad4d92d1a3d0ca07c12) Importer(815301076,1909f56bfc062723c751e8b465ee728b)  -> (artifact id: '59b23997168a186561c4ea75ecac228d') in 0.027747 seconds
  Import took 0.030771 seconds .

========================================================================
Received Import Request.
  Time since last request: 0.042892 seconds.
  path: Assets/Materials/M_Ground.mat
  artifactKey: Guid(3c07876868d4a0145a267bf00abb438e) Importer(815301076,1909f56bfc062723c751e8b465ee728b)
Start importing Assets/Materials/M_Ground.mat using Guid(3c07876868d4a0145a267bf00abb438e) Importer(815301076,1909f56bfc062723c751e8b465ee728b)  -> (artifact id: 'b5bce81751a02046cd861f24473b5ee5') in 0.424279 seconds
  Import took 0.426192 seconds .

========================================================================
Received Import Request.
  Time since last request: 0.000249 seconds.
  path: Assets/Materials/M_PickUp.mat
  artifactKey: Guid(3ea9f91ec5059644ca1c3c08aebaee12) Importer(815301076,1909f56bfc062723c751e8b465ee728b)
Start importing Assets/Materials/M_PickUp.mat using Guid(3ea9f91ec5059644ca1c3c08aebaee12) Importer(815301076,1909f56bfc062723c751e8b465ee728b)  -> (artifact id: '3ebda3c286b5b65d6815b0b5c69f3d65') in 0.170209 seconds
  Import took 0.172206 seconds .

========================================================================
Received Import Request.
  Time since last request: 18.355560 seconds.
  path: Assets/Scenes
  artifactKey: Guid(d75eaff8e26198e4aa08f307fbf43652) Importer(815301076,1909f56bfc062723c751e8b465ee728b)
Start importing Assets/Scenes using Guid(d75eaff8e26198e4aa08f307fbf43652) Importer(815301076,1909f56bfc062723c751e8b465ee728b)  -> (artifact id: 'fd6e66a4144b58ce73d75f103c741a39') in 0.027231 seconds
  Import took 0.030687 seconds .

========================================================================
Received Import Request.
  Time since last request: 0.332815 seconds.
  path: Assets/Scenes 1
  artifactKey: Guid(e4c09f1b529b207459a0c31f6c3a08b0) Importer(815301076,1909f56bfc062723c751e8b465ee728b)
Start importing Assets/Scenes 1 using Guid(e4c09f1b529b207459a0c31f6c3a08b0) Importer(815301076,1909f56bfc062723c751e8b465ee728b)  -> (artifact id: '6804d8c6d4f59376979230490fce0646') in 0.027150 seconds
  Import took 0.030045 seconds .

========================================================================
Received Import Request.
  Time since last request: 0.928000 seconds.
  path: Assets/Scenes 1/Minigame.unity
  artifactKey: Guid(9fcec637f95e99a45bc8e0fd1cd6d633) Importer(815301076,1909f56bfc062723c751e8b465ee728b)
Start importing Assets/Scenes 1/Minigame.unity using Guid(9fcec637f95e99a45bc8e0fd1cd6d633) Importer(815301076,1909f56bfc062723c751e8b465ee728b)  -> (artifact id: '6bad0aad17f29fde34cb98991d279822') in 0.027365 seconds
  Import took 0.029640 seconds .

========================================================================
Received Import Request.
  Time since last request: 11.816947 seconds.
  path: Assets/Scenes/SampleScene.unity
  artifactKey: Guid(9fc0d4010bbf28b4594072e72b8655ab) Importer(815301076,1909f56bfc062723c751e8b465ee728b)
Start importing Assets/Scenes/SampleScene.unity using Guid(9fc0d4010bbf28b4594072e72b8655ab) Importer(815301076,1909f56bfc062723c751e8b465ee728b)  -> (artifact id: '777e927d0b238e2cde0f6869e17df74c') in 0.027925 seconds
  Import took 0.030810 seconds .

========================================================================
Received Prepare
Registering precompiled user dll's ...
Registered in 0.000376 seconds.
Begin MonoManager ReloadAssembly
Native extension for WindowsStandalone target not found
Refreshing native plugins compatible for Editor in 0.19 ms, found 0 plugins.
Preloading 0 native plugins for Editor in 0.00 ms.
Invoked RoslynAnalysisRunner static constructor.
RoslynAnalysisRunner will not be running.
RoslynAnalysisRunner has terminated.
Mono: successfully reloaded assembly
- Completed reload, in  0.507 seconds
Platform modules already initialized, skipping
Refreshing native plugins compatible for Editor in 0.17 ms, found 0 plugins.
Preloading 0 native plugins for Editor in 0.00 ms.
Unloading 1110 Unused Serialized files (Serialized files now loaded: 0)
System memory in use before: 60.1 MB.
System memory in use after: 60.2 MB.

Unloading 4 unused Assets to reduce memory usage. Loaded Objects now: 1602.
Total: 1.339500 ms (FindLiveObjects: 0.093400 ms CreateObjectMapping: 0.023100 ms MarkObjects: 1.204800 ms  DeleteObjects: 0.017000 ms)

========================================================================
Received Prepare
Registering precompiled user dll's ...
Registered in 0.001160 seconds.
Begin MonoManager ReloadAssembly
Native extension for WindowsStandalone target not found
Refreshing native plugins compatible for Editor in 0.38 ms, found 0 plugins.
Preloading 0 native plugins for Editor in 0.00 ms.
Invoked RoslynAnalysisRunner static constructor.
RoslynAnalysisRunner will not be running.
RoslynAnalysisRunner has terminated.
Mono: successfully reloaded assembly
- Completed reload, in  1.335 seconds
Platform modules already initialized, skipping
Refreshing native plugins compatible for Editor in 0.30 ms, found 0 plugins.
Preloading 0 native plugins for Editor in 0.00 ms.
Unloading 1110 Unused Serialized files (Serialized files now loaded: 0)
System memory in use before: 60.1 MB.
System memory in use after: 60.2 MB.

Unloading 4 unused Assets to reduce memory usage. Loaded Objects now: 1605.
Total: 1.554000 ms (FindLiveObjects: 0.150200 ms CreateObjectMapping: 0.033900 ms MarkObjects: 1.351300 ms  DeleteObjects: 0.017000 ms)

========================================================================
Received Import Request.
  Time since last request: 146.023955 seconds.
  path: Assets/Scripts
  artifactKey: Guid(44242ce01b5181042825a32e5c347908) Importer(815301076,1909f56bfc062723c751e8b465ee728b)
Start importing Assets/Scripts using Guid(44242ce01b5181042825a32e5c347908) Importer(815301076,1909f56bfc062723c751e8b465ee728b)  -> (artifact id: 'efb71d0657bda4e17584538cd995a99f') in 0.038626 seconds
  Import took 0.046995 seconds .

========================================================================
Received Import Request.
  Time since last request: 3.404160 seconds.
  path: Assets/Scripts/PlayerController.cs
  artifactKey: Guid(cc3884c5bb833f4459de149321761d87) Importer(815301076,1909f56bfc062723c751e8b465ee728b)
Start importing Assets/Scripts/PlayerController.cs using Guid(cc3884c5bb833f4459de149321761d87) Importer(815301076,1909f56bfc062723c751e8b465ee728b)  -> (artifact id: '790e42a963a5d38222e71f923dd2f23e') in 0.047325 seconds
  Import took 0.051126 seconds .

========================================================================
Received Import Request.
  Time since last request: 12.608477 seconds.
  path: Assets/Scripts/CollisionScript.cs
  artifactKey: Guid(cf2aa360d33d87744af3716ac970374c) Importer(815301076,1909f56bfc062723c751e8b465ee728b)
Start importing Assets/Scripts/CollisionScript.cs using Guid(cf2aa360d33d87744af3716ac970374c) Importer(815301076,1909f56bfc062723c751e8b465ee728b)  -> (artifact id: 'a639e5fe15a2b1df93fcf8c1bd8ca76c') in 0.023239 seconds
  Import took 0.030042 seconds .

========================================================================
Received Prepare
Registering precompiled user dll's ...
Registered in 0.000332 seconds.
Begin MonoManager ReloadAssembly
Native extension for WindowsStandalone target not found
Refreshing native plugins compatible for Editor in 0.21 ms, found 0 plugins.
Preloading 0 native plugins for Editor in 0.00 ms.
Invoked RoslynAnalysisRunner static constructor.
RoslynAnalysisRunner will not be running.
RoslynAnalysisRunner has terminated.
Mono: successfully reloaded assembly
- Completed reload, in  0.427 seconds
Platform modules already initialized, skipping
Refreshing native plugins compatible for Editor in 0.31 ms, found 0 plugins.
Preloading 0 native plugins for Editor in 0.00 ms.
Unloading 1111 Unused Serialized files (Serialized files now loaded: 0)
System memory in use before: 60.2 MB.
System memory in use after: 60.3 MB.

Unloading 4 unused Assets to reduce memory usage. Loaded Objects now: 1609.
Total: 1.525300 ms (FindLiveObjects: 0.097400 ms CreateObjectMapping: 0.023500 ms MarkObjects: 1.376100 ms  DeleteObjects: 0.025900 ms)

========================================================================
Received Prepare
Registering precompiled user dll's ...
Registered in 0.000314 seconds.
Begin MonoManager ReloadAssembly
Native extension for WindowsStandalone target not found
Refreshing native plugins compatible for Editor in 0.31 ms, found 0 plugins.
Preloading 0 native plugins for Editor in 0.00 ms.
Invoked RoslynAnalysisRunner static constructor.
RoslynAnalysisRunner will not be running.
RoslynAnalysisRunner has terminated.
Mono: successfully reloaded assembly
- Completed reload, in  1.085 seconds
Platform modules already initialized, skipping
Refreshing native plugins compatible for Editor in 0.49 ms, found 0 plugins.
Preloading 0 native plugins for Editor in 0.00 ms.
Unloading 1110 Unused Serialized files (Serialized files now loaded: 0)
System memory in use before: 60.1 MB.
System memory in use after: 60.2 MB.

Unloading 5 unused Assets to reduce memory usage. Loaded Objects now: 1611.
Total: 4.799000 ms (FindLiveObjects: 0.299300 ms CreateObjectMapping: 0.076200 ms MarkObjects: 4.399700 ms  DeleteObjects: 0.021300 ms)

========================================================================
Received Import Request.
  Time since last request: 109.688444 seconds.
  path: Assets/Scripts/PlayerController.cs
  artifactKey: Guid(cc3884c5bb833f4459de149321761d87) Importer(815301076,1909f56bfc062723c751e8b465ee728b)
Start importing Assets/Scripts/PlayerController.cs using Guid(cc3884c5bb833f4459de149321761d87) Importer(815301076,1909f56bfc062723c751e8b465ee728b)  -> (artifact id: 'd7b17e9717d0fef7772ae66062b9de50') in 0.039887 seconds
  Import took 0.047188 seconds .

========================================================================
Received Prepare
Registering precompiled user dll's ...
Registered in 0.001345 seconds.
Begin MonoManager ReloadAssembly
Native extension for WindowsStandalone target not found
Refreshing native plugins compatible for Editor in 0.30 ms, found 0 plugins.
Preloading 0 native plugins for Editor in 0.00 ms.
Invoked RoslynAnalysisRunner static constructor.
RoslynAnalysisRunner will not be running.
RoslynAnalysisRunner has terminated.
Mono: successfully reloaded assembly
- Completed reload, in  1.069 seconds
Platform modules already initialized, skipping
Refreshing native plugins compatible for Editor in 0.26 ms, found 0 plugins.
Preloading 0 native plugins for Editor in 0.00 ms.
Unloading 1110 Unused Serialized files (Serialized files now loaded: 0)
System memory in use before: 60.2 MB.
System memory in use after: 60.3 MB.

Unloading 4 unused Assets to reduce memory usage. Loaded Objects now: 1614.
Total: 2.215900 ms (FindLiveObjects: 0.147600 ms CreateObjectMapping: 0.033500 ms MarkObjects: 2.018900 ms  DeleteObjects: 0.014500 ms)

========================================================================
Received Prepare
Registering precompiled user dll's ...
Registered in 0.000453 seconds.
Begin MonoManager ReloadAssembly
Native extension for WindowsStandalone target not found
Refreshing native plugins compatible for Editor in 0.18 ms, found 0 plugins.
Preloading 0 native plugins for Editor in 0.00 ms.
Invoked RoslynAnalysisRunner static constructor.
RoslynAnalysisRunner will not be running.
RoslynAnalysisRunner has terminated.
Mono: successfully reloaded assembly
- Completed reload, in  0.443 seconds
Platform modules already initialized, skipping
Refreshing native plugins compatible for Editor in 0.18 ms, found 0 plugins.
Preloading 0 native plugins for Editor in 0.00 ms.
Unloading 1110 Unused Serialized files (Serialized files now loaded: 0)
System memory in use before: 60.2 MB.
System memory in use after: 60.3 MB.

Unloading 4 unused Assets to reduce memory usage. Loaded Objects now: 1617.
Total: 1.100400 ms (FindLiveObjects: 0.087600 ms CreateObjectMapping: 0.018100 ms MarkObjects: 0.978900 ms  DeleteObjects: 0.014600 ms)

========================================================================
Received Prepare
Registering precompiled user dll's ...
Registered in 0.000571 seconds.
Begin MonoManager ReloadAssembly
Native extension for WindowsStandalone target not found
Refreshing native plugins compatible for Editor in 0.28 ms, found 0 plugins.
Preloading 0 native plugins for Editor in 0.00 ms.
Invoked RoslynAnalysisRunner static constructor.
RoslynAnalysisRunner will not be running.
RoslynAnalysisRunner has terminated.
Mono: successfully reloaded assembly
- Completed reload, in  0.800 seconds
Platform modules already initialized, skipping
Refreshing native plugins compatible for Editor in 0.29 ms, found 0 plugins.
Preloading 0 native plugins for Editor in 0.00 ms.
Unloading 1110 Unused Serialized files (Serialized files now loaded: 0)
System memory in use before: 60.2 MB.
System memory in use after: 60.3 MB.

Unloading 4 unused Assets to reduce memory usage. Loaded Objects now: 1620.
Total: 1.171000 ms (FindLiveObjects: 0.152700 ms CreateObjectMapping: 0.019300 ms MarkObjects: 0.983800 ms  DeleteObjects: 0.013600 ms)

========================================================================
Received Prepare
Registering precompiled user dll's ...
Registered in 0.000669 seconds.
Begin MonoManager ReloadAssembly
Native extension for WindowsStandalone target not found
Refreshing native plugins compatible for Editor in 0.30 ms, found 0 plugins.
Preloading 0 native plugins for Editor in 0.00 ms.
Invoked RoslynAnalysisRunner static constructor.
RoslynAnalysisRunner will not be running.
RoslynAnalysisRunner has terminated.
Mono: successfully reloaded assembly
- Completed reload, in  0.961 seconds
Platform modules already initialized, skipping
Refreshing native plugins compatible for Editor in 0.27 ms, found 0 plugins.
Preloading 0 native plugins for Editor in 0.00 ms.
Unloading 1110 Unused Serialized files (Serialized files now loaded: 0)
System memory in use before: 60.2 MB.
System memory in use after: 60.3 MB.

Unloading 4 unused Assets to reduce memory usage. Loaded Objects now: 1623.
Total: 1.479000 ms (FindLiveObjects: 0.136600 ms CreateObjectMapping: 0.034300 ms MarkObjects: 1.292000 ms  DeleteObjects: 0.014700 ms)

========================================================================
Received Prepare
Registering precompiled user dll's ...
Registered in 0.000784 seconds.
Begin MonoManager ReloadAssembly
Native extension for WindowsStandalone target not found
Refreshing native plugins compatible for Editor in 0.39 ms, found 0 plugins.
Preloading 0 native plugins for Editor in 0.00 ms.
Invoked RoslynAnalysisRunner static constructor.
RoslynAnalysisRunner will not be running.
RoslynAnalysisRunner has terminated.
Mono: successfully reloaded assembly
- Completed reload, in  1.164 seconds
Platform modules already initialized, skipping
Script error: OnCollisionEnter
This message parameter has to be of type: Collision
The message will be ignored.

Refreshing native plugins compatible for Editor in 0.28 ms, found 0 plugins.
Preloading 0 native plugins for Editor in 0.00 ms.
Unloading 1110 Unused Serialized files (Serialized files now loaded: 0)
System memory in use before: 60.3 MB.
System memory in use after: 60.4 MB.

Unloading 4 unused Assets to reduce memory usage. Loaded Objects now: 1626.
Total: 1.600700 ms (FindLiveObjects: 0.152700 ms CreateObjectMapping: 0.043500 ms MarkObjects: 1.387500 ms  DeleteObjects: 0.015300 ms)

========================================================================
Received Prepare
Registering precompiled user dll's ...
Registered in 0.000944 seconds.
Begin MonoManager ReloadAssembly
Native extension for WindowsStandalone target not found
Refreshing native plugins compatible for Editor in 0.40 ms, found 0 plugins.
Preloading 0 native plugins for Editor in 0.00 ms.
Invoked RoslynAnalysisRunner static constructor.
RoslynAnalysisRunner will not be running.
RoslynAnalysisRunner has terminated.
Mono: successfully reloaded assembly
- Completed reload, in  1.064 seconds
Platform modules already initialized, skipping
Refreshing native plugins compatible for Editor in 0.29 ms, found 0 plugins.
Preloading 0 native plugins for Editor in 0.00 ms.
Unloading 1110 Unused Serialized files (Serialized files now loaded: 0)
System memory in use before: 60.3 MB.
System memory in use after: 60.4 MB.

Unloading 4 unused Assets to reduce memory usage. Loaded Objects now: 1629.
Total: 1.774200 ms (FindLiveObjects: 0.150300 ms CreateObjectMapping: 0.038100 ms MarkObjects: 1.568600 ms  DeleteObjects: 0.015400 ms)

========================================================================
Received Import Request.
  Time since last request: 665.454771 seconds.
  path: Assets/Materials/Pocket Material.mat
  artifactKey: Guid(b6032f275411b9b42ba09e850e0a5478) Importer(815301076,1909f56bfc062723c751e8b465ee728b)
Start importing Assets/Materials/Pocket Material.mat using Guid(b6032f275411b9b42ba09e850e0a5478) Importer(815301076,1909f56bfc062723c751e8b465ee728b)  -> (artifact id: '44f7d212b8dbb06bf22061b1466d3c3f') in 0.074275 seconds
  Import took 0.076616 seconds .

========================================================================
Received Import Request.
  Time since last request: 25.900338 seconds.
  path: Assets/Prefabs/Pick Up.prefab
  artifactKey: Guid(d40a3e46405eb9a40ac9562c3c6acf2b) Importer(815301076,1909f56bfc062723c751e8b465ee728b)
Start importing Assets/Prefabs/Pick Up.prefab using Guid(d40a3e46405eb9a40ac9562c3c6acf2b) Importer(815301076,1909f56bfc062723c751e8b465ee728b)  -> (artifact id: '7cd15e9cb02b26fb89a9a9c807b4271b') in 0.049880 seconds
  Import took 0.051922 seconds .

========================================================================
Received Import Request.
  Time since last request: 10.636698 seconds.
  path: ProjectSettings/TagManager.asset
  artifactKey: Guid(00000000000000003000000000000000) Importer(815301076,1909f56bfc062723c751e8b465ee728b)
Start importing ProjectSettings/TagManager.asset using Guid(00000000000000003000000000000000) Importer(815301076,1909f56bfc062723c751e8b465ee728b)  -> (artifact id: 'e58c32c74971579209c983feef23e212') in 0.026788 seconds
  Import took 0.029114 seconds .

========================================================================
Received Prepare
Registering precompiled user dll's ...
Registered in 0.000965 seconds.
Begin MonoManager ReloadAssembly
Native extension for WindowsStandalone target not found
Refreshing native plugins compatible for Editor in 0.48 ms, found 0 plugins.
Preloading 0 native plugins for Editor in 0.00 ms.
Invoked RoslynAnalysisRunner static constructor.
RoslynAnalysisRunner will not be running.
RoslynAnalysisRunner has terminated.
Mono: successfully reloaded assembly
- Completed reload, in  1.132 seconds
Platform modules already initialized, skipping
Refreshing native plugins compatible for Editor in 0.26 ms, found 0 plugins.
Preloading 0 native plugins for Editor in 0.00 ms.
Unloading 1110 Unused Serialized files (Serialized files now loaded: 0)
System memory in use before: 60.3 MB.
System memory in use after: 60.5 MB.

Unloading 5 unused Assets to reduce memory usage. Loaded Objects now: 1634.
Total: 1.231500 ms (FindLiveObjects: 0.080700 ms CreateObjectMapping: 0.017800 ms MarkObjects: 1.115800 ms  DeleteObjects: 0.016200 ms)

========================================================================
Received Prepare
Registering precompiled user dll's ...
Registered in 0.001397 seconds.
Begin MonoManager ReloadAssembly
Native extension for WindowsStandalone target not found
Refreshing native plugins compatible for Editor in 0.29 ms, found 0 plugins.
Preloading 0 native plugins for Editor in 0.00 ms.
Invoked RoslynAnalysisRunner static constructor.
RoslynAnalysisRunner will not be running.
RoslynAnalysisRunner has terminated.
Mono: successfully reloaded assembly
- Completed reload, in  1.200 seconds
Platform modules already initialized, skipping
Refreshing native plugins compatible for Editor in 0.28 ms, found 0 plugins.
Preloading 0 native plugins for Editor in 0.00 ms.
Unloading 1110 Unused Serialized files (Serialized files now loaded: 0)
System memory in use before: 60.3 MB.
System memory in use after: 60.5 MB.

Unloading 4 unused Assets to reduce memory usage. Loaded Objects now: 1637.
Total: 1.616700 ms (FindLiveObjects: 0.147800 ms CreateObjectMapping: 0.037800 ms MarkObjects: 1.415900 ms  DeleteObjects: 0.014300 ms)

========================================================================
Received Prepare
Registering precompiled user dll's ...
Registered in 0.001168 seconds.
Begin MonoManager ReloadAssembly
Native extension for WindowsStandalone target not found
Refreshing native plugins compatible for Editor in 0.42 ms, found 0 plugins.
Preloading 0 native plugins for Editor in 0.00 ms.
Invoked RoslynAnalysisRunner static constructor.
RoslynAnalysisRunner will not be running.
RoslynAnalysisRunner has terminated.
Mono: successfully reloaded assembly
- Completed reload, in  0.972 seconds
Platform modules already initialized, skipping
Refreshing native plugins compatible for Editor in 0.41 ms, found 0 plugins.
Preloading 0 native plugins for Editor in 0.00 ms.
Unloading 1110 Unused Serialized files (Serialized files now loaded: 0)
System memory in use before: 60.3 MB.
System memory in use after: 60.5 MB.

Unloading 4 unused Assets to reduce memory usage. Loaded Objects now: 1640.
Total: 2.749300 ms (FindLiveObjects: 0.215900 ms CreateObjectMapping: 0.043600 ms MarkObjects: 2.435600 ms  DeleteObjects: 0.051900 ms)

========================================================================
Received Prepare
Registering precompiled user dll's ...
Registered in 0.000333 seconds.
Begin MonoManager ReloadAssembly
Native extension for WindowsStandalone target not found
Refreshing native plugins compatible for Editor in 0.16 ms, found 0 plugins.
Preloading 0 native plugins for Editor in 0.00 ms.
Invoked RoslynAnalysisRunner static constructor.
RoslynAnalysisRunner will not be running.
RoslynAnalysisRunner has terminated.
Mono: successfully reloaded assembly
- Completed reload, in  0.417 seconds
Platform modules already initialized, skipping
Refreshing native plugins compatible for Editor in 0.14 ms, found 0 plugins.
Preloading 0 native plugins for Editor in 0.00 ms.
Unloading 1110 Unused Serialized files (Serialized files now loaded: 0)
System memory in use before: 60.4 MB.
System memory in use after: 60.5 MB.

Unloading 4 unused Assets to reduce memory usage. Loaded Objects now: 1643.
Total: 1.141400 ms (FindLiveObjects: 0.098400 ms CreateObjectMapping: 0.018900 ms MarkObjects: 1.010700 ms  DeleteObjects: 0.012300 ms)

========================================================================
Received Import Request.
  Time since last request: 256.390631 seconds.
  path: Assets/Materials/Pocket.mat
  artifactKey: Guid(b6032f275411b9b42ba09e850e0a5478) Importer(815301076,1909f56bfc062723c751e8b465ee728b)
Start importing Assets/Materials/Pocket.mat using Guid(b6032f275411b9b42ba09e850e0a5478) Importer(815301076,1909f56bfc062723c751e8b465ee728b)  -> (artifact id: '67b3520b3d20e3f141d0793f6b998703') in 0.089256 seconds
  Import took 0.092965 seconds .

========================================================================
Received Import Request.
  Time since last request: 0.000486 seconds.
  path: Assets/Materials/Ground.mat
  artifactKey: Guid(3c07876868d4a0145a267bf00abb438e) Importer(815301076,1909f56bfc062723c751e8b465ee728b)
Start importing Assets/Materials/Ground.mat using Guid(3c07876868d4a0145a267bf00abb438e) Importer(815301076,1909f56bfc062723c751e8b465ee728b)  -> (artifact id: 'd976260d7a0a29142619ffc88deeb14a') in 0.027817 seconds
  Import took 0.030204 seconds .

========================================================================
Received Import Request.
  Time since last request: 0.000281 seconds.
  path: Assets/Materials/Coin.mat
  artifactKey: Guid(3ea9f91ec5059644ca1c3c08aebaee12) Importer(815301076,1909f56bfc062723c751e8b465ee728b)
Start importing Assets/Materials/Coin.mat using Guid(3ea9f91ec5059644ca1c3c08aebaee12) Importer(815301076,1909f56bfc062723c751e8b465ee728b)  -> (artifact id: 'be0fe499e57ddf5aab916aec0e117826') in 0.032326 seconds
  Import took 0.035574 seconds .

AssetImportWorkerClient::OnTransportError - code=2 error=End of file
